# JRE version: OpenJDK Runtime Environment Temurin-21.0.11+10 (21.0.11+10) (build 21.0.11+10-LTS)
# Java VM: OpenJDK 64-Bit Server VM Temurin-21.0.11+10 (21.0.11+10-LTS, mixed mode, sharing, tiered, compressed oops, compressed class ptrs, parallel gc, windows-amd64)
GC Precious Log:
 CardTable entry size: 512
 CPUs: 4 total, 4 available
 Memory: 7934M
 Large Page Support: Disabled
 NUMA Support: Disabled
 Compressed Oops: Enabled (32-bit)
 Alignments: Space 512K, Generation 512K, Heap 2M
 Heap Min Capacity: 100M
 Heap Initial Capacity: 100M
 Heap Max Capacity: 2G
 Pre-touch: Disabled
 Parallel Workers: 4
Heap:
 PSYoungGen      total 1536K, used 871K [0x00000000d5580000, 0x00000000d5900000, 0x0000000100000000)
  eden space 1024K, 72% used [0x00000000d5580000,0x00000000d5639ce0,0x00000000d5680000)
  from space 512K, 25% used [0x00000000d5800000,0x00000000d5820000,0x00000000d5880000)
  to   space 512K, 0% used [0x00000000d5880000,0x00000000d5880000,0x00000000d5900000)
 ParOldGen       total 371712K, used 371687K [0x0000000080000000, 0x0000000096b00000, 0x00000000d5580000)
  object space 371712K, 99% used [0x0000000080000000,0x0000000096af9f78,0x0000000096b00000)
 Metaspace       used 78139K, committed 79680K, reserved 1179648K
  class space    used 8180K, committed 8832K, reserved 1048576K
GC Heap History (20 events):
Event: 202586.198 GC heap before
{Heap before GC invocations=353 (full 3):
 PSYoungGen      total 1024K, used 613K [0x00000000d5580000, 0x00000000d5a00000, 0x0000000100000000)
  eden space 512K, 94% used [0x00000000d5580000,0x00000000d55f9418,0x00000000d5600000)
  from space 512K, 25% used [0x00000000d5600000,0x00000000d5620000,0x00000000d5680000)
  to   space 1536K, 0% used [0x00000000d5880000,0x00000000d5880000,0x00000000d5a00000)
 ParOldGen       total 370688K, used 370636K [0x0000000080000000, 0x0000000096a00000, 0x00000000d5580000)
  object space 370688K, 99% used [0x0000000080000000,0x00000000969f3258,0x0000000096a00000)
 Metaspace       used 78091K, committed 79616K, reserved 1179648K
  class space    used 8179K, committed 8832K, reserved 1048576K
}
Event: 202586.203 GC heap after
{Heap after GC invocations=353 (full 3):
 PSYoungGen      total 1536K, used 128K [0x00000000d5580000, 0x00000000d5900000, 0x0000000100000000)
  eden space 1024K, 0% used [0x00000000d5580000,0x00000000d5580000,0x00000000d5680000)
  from space 512K, 25% used [0x00000000d5880000,0x00000000d58a0000,0x00000000d5900000)
  to   space 512K, 0% used [0x00000000d5800000,0x00000000d5800000,0x00000000d5880000)
 ParOldGen       total 371200K, used 370708K [0x0000000080000000, 0x0000000096a80000, 0x00000000d5580000)
  object space 371200K, 99% used [0x0000000080000000,0x0000000096a05268,0x0000000096a80000)
 Metaspace       used 78091K, committed 79616K, reserved 1179648K
  class space    used 8179K, committed 8832K, reserved 1048576K
}
Event: 202586.229 GC heap before
{Heap before GC invocations=354 (full 3):
 PSYoungGen      total 1536K, used 1152K [0x00000000d5580000, 0x00000000d5900000, 0x0000000100000000)
  eden space 1024K, 100% used [0x00000000d5580000,0x00000000d5680000,0x00000000d5680000)
  from space 512K, 25% used [0x00000000d5880000,0x00000000d58a0000,0x00000000d5900000)
  to   space 512K, 0% used [0x00000000d5800000,0x00000000d5800000,0x00000000d5880000)
 ParOldGen       total 371200K, used 370708K [0x0000000080000000, 0x0000000096a80000, 0x00000000d5580000)
  object space 371200K, 99% used [0x0000000080000000,0x0000000096a05268,0x0000000096a80000)
 Metaspace       used 78091K, committed 79616K, reserved 1179648K
  class space    used 8179K, committed 8832K, reserved 1048576K
}
Event: 202586.230 GC heap after
{Heap after GC invocations=354 (full 3):
 PSYoungGen      total 1536K, used 128K [0x00000000d5580000, 0x00000000d5900000, 0x0000000100000000)
  eden space 1024K, 0% used [0x00000000d5580000,0x00000000d5580000,0x00000000d5680000)
  from space 512K, 25% used [0x00000000d5800000,0x00000000d5820000,0x00000000d5880000)
  to   space 512K, 0% used [0x00000000d5880000,0x00000000d5880000,0x00000000d5900000)
 ParOldGen       total 371200K, used 370732K [0x0000000080000000, 0x0000000096a80000, 0x00000000d5580000)
  object space 371200K, 99% used [0x0000000080000000,0x0000000096a0b268,0x0000000096a80000)
 Metaspace       used 78091K, committed 79616K, reserved 1179648K
  class space    used 8179K, committed 8832K, reserved 1048576K
}
Event: 202586.378 GC heap before
{Heap before GC invocations=355 (full 3):
 PSYoungGen      total 1536K, used 1143K [0x00000000d5580000, 0x00000000d5900000, 0x0000000100000000)
  eden space 1024K, 99% used [0x00000000d5580000,0x00000000d567df88,0x00000000d5680000)
  from space 512K, 25% used [0x00000000d5800000,0x00000000d5820000,0x00000000d5880000)
  to   space 512K, 0% used [0x00000000d5880000,0x00000000d5880000,0x00000000d5900000)
 ParOldGen       total 371200K, used 370732K [0x0000000080000000, 0x0000000096a80000, 0x00000000d5580000)
  object space 371200K, 99% used [0x0000000080000000,0x0000000096a0b268,0x0000000096a80000)
 Metaspace       used 78092K, committed 79616K, reserved 1179648K
  class space    used 8179K, committed 8832K, reserved 1048576K
}
Event: 202586.383 GC heap after
{Heap after GC invocations=355 (full 3):
 PSYoungGen      total 1536K, used 192K [0x00000000d5580000, 0x00000000d5900000, 0x0000000100000000)
  eden space 1024K, 0% used [0x00000000d5580000,0x00000000d5580000,0x00000000d5680000)
  from space 512K, 37% used [0x00000000d5880000,0x00000000d58b0000,0x00000000d5900000)
  to   space 512K, 0% used [0x00000000d5800000,0x00000000d5800000,0x00000000d5880000)
 ParOldGen       total 371200K, used 370748K [0x0000000080000000, 0x0000000096a80000, 0x00000000d5580000)
  object space 371200K, 99% used [0x0000000080000000,0x0000000096a0f268,0x0000000096a80000)
 Metaspace       used 78092K, committed 79616K, reserved 1179648K
  class space    used 8179K, committed 8832K, reserved 1048576K
}
Event: 202586.602 GC heap before
{Heap before GC invocations=356 (full 3):
 PSYoungGen      total 1536K, used 1205K [0x00000000d5580000, 0x00000000d5900000, 0x0000000100000000)
  eden space 1024K, 98% used [0x00000000d5580000,0x00000000d567d5e8,0x00000000d5680000)
  from space 512K, 37% used [0x00000000d5880000,0x00000000d58b0000,0x00000000d5900000)
  to   space 512K, 0% used [0x00000000d5800000,0x00000000d5800000,0x00000000d5880000)
 ParOldGen       total 371200K, used 370748K [0x0000000080000000, 0x0000000096a80000, 0x00000000d5580000)
  object space 371200K, 99% used [0x0000000080000000,0x0000000096a0f268,0x0000000096a80000)
 Metaspace       used 78102K, committed 79680K, reserved 1179648K
  class space    used 8179K, committed 8832K, reserved 1048576K
}
Event: 202586.608 GC heap after
{Heap after GC invocations=356 (full 3):
 PSYoungGen      total 1536K, used 352K [0x00000000d5580000, 0x00000000d5900000, 0x0000000100000000)
  eden space 1024K, 0% used [0x00000000d5580000,0x00000000d5580000,0x00000000d5680000)
  from space 512K, 68% used [0x00000000d5800000,0x00000000d5858020,0x00000000d5880000)
  to   space 512K, 0% used [0x00000000d5880000,0x00000000d5880000,0x00000000d5900000)
 ParOldGen       total 371200K, used 370868K [0x0000000080000000, 0x0000000096a80000, 0x00000000d5580000)
  object space 371200K, 99% used [0x0000000080000000,0x0000000096a2d268,0x0000000096a80000)
 Metaspace       used 78102K, committed 79680K, reserved 1179648K
  class space    used 8179K, committed 8832K, reserved 1048576K
}
Event: 202586.682 GC heap before
{Heap before GC invocations=357 (full 3):
 PSYoungGen      total 1536K, used 1376K [0x00000000d5580000, 0x00000000d5900000, 0x0000000100000000)
  eden space 1024K, 100% used [0x00000000d5580000,0x00000000d5680000,0x00000000d5680000)
  from space 512K, 68% used [0x00000000d5800000,0x00000000d5858020,0x00000000d5880000)
  to   space 512K, 0% used [0x00000000d5880000,0x00000000d5880000,0x00000000d5900000)
 ParOldGen       total 371200K, used 370868K [0x0000000080000000, 0x0000000096a80000, 0x00000000d5580000)
  object space 371200K, 99% used [0x0000000080000000,0x0000000096a2d268,0x0000000096a80000)
 Metaspace       used 78102K, committed 79680K, reserved 1179648K
  class space    used 8179K, committed 8832K, reserved 1048576K
}
Event: 202586.689 GC heap after
{Heap after GC invocations=357 (full 3):
 PSYoungGen      total 1536K, used 256K [0x00000000d5580000, 0x00000000d5900000, 0x0000000100000000)
  eden space 1024K, 0% used [0x00000000d5580000,0x00000000d5580000,0x00000000d5680000)
  from space 512K, 50% used [0x00000000d5880000,0x00000000d58c0000,0x00000000d5900000)
  to   space 512K, 0% used [0x00000000d5800000,0x00000000d5800000,0x00000000d5880000)
 ParOldGen       total 371200K, used 371144K [0x0000000080000000, 0x0000000096a80000, 0x00000000d5580000)
  object space 371200K, 99% used [0x0000000080000000,0x0000000096a72298,0x0000000096a80000)
 Metaspace       used 78102K, committed 79680K, reserved 1179648K
  class space    used 8179K, committed 8832K, reserved 1048576K
}
Event: 202586.802 GC heap before
{Heap before GC invocations=358 (full 3):
 PSYoungGen      total 1536K, used 1280K [0x00000000d5580000, 0x00000000d5900000, 0x0000000100000000)
  eden space 1024K, 100% used [0x00000000d5580000,0x00000000d5680000,0x00000000d5680000)
  from space 512K, 50% used [0x00000000d5880000,0x00000000d58c0000,0x00000000d5900000)
  to   space 512K, 0% used [0x00000000d5800000,0x00000000d5800000,0x00000000d5880000)
 ParOldGen       total 371200K, used 371144K [0x0000000080000000, 0x0000000096a80000, 0x00000000d5580000)
  object space 371200K, 99% used [0x0000000080000000,0x0000000096a72298,0x0000000096a80000)
 Metaspace       used 78126K, committed 79680K, reserved 1179648K
  class space    used 8179K, committed 8832K, reserved 1048576K
}
Event: 202586.810 GC heap after
{Heap after GC invocations=358 (full 3):
 PSYoungGen      total 1536K, used 224K [0x00000000d5580000, 0x00000000d5900000, 0x0000000100000000)
  eden space 1024K, 0% used [0x00000000d5580000,0x00000000d5580000,0x00000000d5680000)
  from space 512K, 43% used [0x00000000d5800000,0x00000000d5838000,0x00000000d5880000)
  to   space 512K, 0% used [0x00000000d5880000,0x00000000d5880000,0x00000000d5900000)
 ParOldGen       total 371712K, used 371332K [0x0000000080000000, 0x0000000096b00000, 0x00000000d5580000)
  object space 371712K, 99% used [0x0000000080000000,0x0000000096aa12a8,0x0000000096b00000)
 Metaspace       used 78126K, committed 79680K, reserved 1179648K
  class space    used 8179K, committed 8832K, reserved 1048576K
}
Event: 202586.981 GC heap before
{Heap before GC invocations=359 (full 3):
 PSYoungGen      total 1536K, used 1247K [0x00000000d5580000, 0x00000000d5900000, 0x0000000100000000)
  eden space 1024K, 99% used [0x00000000d5580000,0x00000000d567ffd8,0x00000000d5680000)
  from space 512K, 43% used [0x00000000d5800000,0x00000000d5838000,0x00000000d5880000)
  to   space 512K, 0% used [0x00000000d5880000,0x00000000d5880000,0x00000000d5900000)
 ParOldGen       total 371712K, used 371332K [0x0000000080000000, 0x0000000096b00000, 0x00000000d5580000)
  object space 371712K, 99% used [0x0000000080000000,0x0000000096aa12a8,0x0000000096b00000)
 Metaspace       used 78134K, committed 79680K, reserved 1179648K
  class space    used 8180K, committed 8832K, reserved 1048576K
}
Event: 202586.987 GC heap after
{Heap after GC invocations=359 (full 3):
 PSYoungGen      total 1536K, used 256K [0x00000000d5580000, 0x00000000d5900000, 0x0000000100000000)
  eden space 1024K, 0% used [0x00000000d5580000,0x00000000d5580000,0x00000000d5680000)
  from space 512K, 50% used [0x00000000d5880000,0x00000000d58c0000,0x00000000d5900000)
  to   space 512K, 0% used [0x00000000d5800000,0x00000000d5800000,0x00000000d5880000)
 ParOldGen       total 371712K, used 371466K [0x0000000080000000, 0x0000000096b00000, 0x00000000d5580000)
  object space 371712K, 99% used [0x0000000080000000,0x0000000096ac2a28,0x0000000096b00000)
 Metaspace       used 78134K, committed 79680K, reserved 1179648K
  class space    used 8180K, committed 8832K, reserved 1048576K
}
Event: 202587.699 GC heap before
{Heap before GC invocations=360 (full 3):
 PSYoungGen      total 1536K, used 1280K [0x00000000d5580000, 0x00000000d5900000, 0x0000000100000000)
  eden space 1024K, 100% used [0x00000000d5580000,0x00000000d5680000,0x00000000d5680000)
  from space 512K, 50% used [0x00000000d5880000,0x00000000d58c0000,0x00000000d5900000)
  to   space 512K, 0% used [0x00000000d5800000,0x00000000d5800000,0x00000000d5880000)
 ParOldGen       total 371712K, used 371466K [0x0000000080000000, 0x0000000096b00000, 0x00000000d5580000)
  object space 371712K, 99% used [0x0000000080000000,0x0000000096ac2a28,0x0000000096b00000)
 Metaspace       used 78136K, committed 79680K, reserved 1179648K
  class space    used 8180K, committed 8832K, reserved 1048576K
}
Event: 202587.709 GC heap after
{Heap after GC invocations=360 (full 3):
 PSYoungGen      total 1536K, used 192K [0x00000000d5580000, 0x00000000d5900000, 0x0000000100000000)
  eden space 1024K, 0% used [0x00000000d5580000,0x00000000d5580000,0x00000000d5680000)
  from space 512K, 37% used [0x00000000d5800000,0x00000000d5830000,0x00000000d5880000)
  to   space 512K, 0% used [0x00000000d5880000,0x00000000d5880000,0x00000000d5900000)
 ParOldGen       total 371712K, used 371571K [0x0000000080000000, 0x0000000096b00000, 0x00000000d5580000)
  object space 371712K, 99% used [0x0000000080000000,0x0000000096adcf68,0x0000000096b00000)
 Metaspace       used 78136K, committed 79680K, reserved 1179648K
  class space    used 8180K, committed 8832K, reserved 1048576K
}
Event: 202587.779 GC heap before
{Heap before GC invocations=361 (full 3):
 PSYoungGen      total 1536K, used 1216K [0x00000000d5580000, 0x00000000d5900000, 0x0000000100000000)
  eden space 1024K, 100% used [0x00000000d5580000,0x00000000d5680000,0x00000000d5680000)
  from space 512K, 37% used [0x00000000d5800000,0x00000000d5830000,0x00000000d5880000)
  to   space 512K, 0% used [0x00000000d5880000,0x00000000d5880000,0x00000000d5900000)
 ParOldGen       total 371712K, used 371571K [0x0000000080000000, 0x0000000096b00000, 0x00000000d5580000)
  object space 371712K, 99% used [0x0000000080000000,0x0000000096adcf68,0x0000000096b00000)
 Metaspace       used 78136K, committed 79680K, reserved 1179648K
  class space    used 8180K, committed 8832K, reserved 1048576K
}
Event: 202587.782 GC heap after
{Heap after GC invocations=361 (full 3):
 PSYoungGen      total 1536K, used 128K [0x00000000d5580000, 0x00000000d5900000, 0x0000000100000000)
  eden space 1024K, 0% used [0x00000000d5580000,0x00000000d5580000,0x00000000d5680000)
  from space 512K, 25% used [0x00000000d5880000,0x00000000d58a0000,0x00000000d5900000)
  to   space 512K, 0% used [0x00000000d5800000,0x00000000d5800000,0x00000000d5880000)
 ParOldGen       total 371712K, used 371647K [0x0000000080000000, 0x0000000096b00000, 0x00000000d5580000)
  object space 371712K, 99% used [0x0000000080000000,0x0000000096aeff78,0x0000000096b00000)
 Metaspace       used 78136K, committed 79680K, reserved 1179648K
  class space    used 8180K, committed 8832K, reserved 1048576K
}
Event: 202885.181 GC heap before
{Heap before GC invocations=362 (full 3):
 PSYoungGen      total 1536K, used 1151K [0x00000000d5580000, 0x00000000d5900000, 0x0000000100000000)
  eden space 1024K, 99% used [0x00000000d5580000,0x00000000d567fff8,0x00000000d5680000)
  from space 512K, 25% used [0x00000000d5880000,0x00000000d58a0000,0x00000000d5900000)
  to   space 512K, 0% used [0x00000000d5800000,0x00000000d5800000,0x00000000d5880000)
 ParOldGen       total 371712K, used 371647K [0x0000000080000000, 0x0000000096b00000, 0x00000000d5580000)
  object space 371712K, 99% used [0x0000000080000000,0x0000000096aeff78,0x0000000096b00000)
 Metaspace       used 78136K, committed 79680K, reserved 1179648K
  class space    used 8180K, committed 8832K, reserved 1048576K
}
Event: 202885.376 GC heap after
{Heap after GC invocations=362 (full 3):
 PSYoungGen      total 1536K, used 128K [0x00000000d5580000, 0x00000000d5900000, 0x0000000100000000)
  eden space 1024K, 0% used [0x00000000d5580000,0x00000000d5580000,0x00000000d5680000)
  from space 512K, 25% used [0x00000000d5800000,0x00000000d5820000,0x00000000d5880000)
  to   space 512K, 0% used [0x00000000d5880000,0x00000000d5880000,0x00000000d5900000)
 ParOldGen       total 371712K, used 371687K [0x0000000080000000, 0x0000000096b00000, 0x00000000d5580000)
  object space 371712K, 99% used [0x0000000080000000,0x0000000096af9f78,0x0000000096b00000)
 Metaspace       used 78136K, committed 79680K, reserved 1179648K
  class space    used 8180K, committed 8832K, reserved 1048576K
}

